[debug] [2021-01-20T09:27:03.302Z] ----------------------------------------------------------------------
[debug] [2021-01-20T09:27:03.304Z] Command:       /usr/local/bin/node /Users/Me/.npm-packages/bin/firebase emulators:start
[debug] [2021-01-20T09:27:03.304Z] CLI Version:   8.10.0
[debug] [2021-01-20T09:27:03.304Z] Platform:      darwin
[debug] [2021-01-20T09:27:03.304Z] Node Version:  v12.16.0
[debug] [2021-01-20T09:27:03.308Z] Time:          Wed Jan 20 2021 16:27:03 GMT+0700 (Western Indonesia Time)
[debug] [2021-01-20T09:27:03.308Z] ----------------------------------------------------------------------
[debug] [2021-01-20T09:27:03.308Z] 
[debug] [2021-01-20T09:27:03.321Z] > command requires scopes: ["email","openid","https://www.googleapis.com/auth/cloudplatformprojects.readonly","https://www.googleapis.com/auth/firebase","https://www.googleapis.com/auth/cloud-platform"]
[debug] [2021-01-20T09:27:03.321Z] > authorizing via signed-in user
[info] i  emulators: Starting emulators: functions, firestore, database {"metadata":{"emulator":{"name":"hub"},"message":"Starting emulators: functions, firestore, database"}}
[debug] [2021-01-20T09:27:03.352Z] [hub] writing locator at /var/folders/8x/ccj5sfqx3fj32sflk4zqk6bh0000gp/T/hub-reactive-app-aa8ad.json
[warn] ⚠  functions: The following emulators are not running, calls to these services from the Functions emulator will affect production: hosting, pubsub {"metadata":{"emulator":{"name":"functions"},"message":"The following emulators are not running, calls to these services from the Functions emulator will affect production: \u001b[1mhosting, pubsub\u001b[22m"}}
[warn] ⚠  Your requested "node" version "10" doesn't match your global version "12" {"metadata":{"emulator":{"name":"functions"},"message":"Your requested \"node\" version \"10\" doesn't match your global version \"12\""}}
[debug] [2021-01-20T09:27:04.451Z] defaultcredentials: writing to file /Users/Me/.config/firebase/andreirawan97_gmail_com_application_default_credentials.json
[debug] [2021-01-20T09:27:04.471Z] Setting GAC to /Users/Me/.config/firebase/andreirawan97_gmail_com_application_default_credentials.json {"metadata":{"emulator":{"name":"functions"},"message":"Setting GAC to /Users/Me/.config/firebase/andreirawan97_gmail_com_application_default_credentials.json"}}
[debug] [2021-01-20T09:27:04.745Z] Ignoring unsupported arg: projectId {"metadata":{"emulator":{"name":"firestore"},"message":"Ignoring unsupported arg: projectId"}}
[debug] [2021-01-20T09:27:04.745Z] Ignoring unsupported arg: auto_download {"metadata":{"emulator":{"name":"firestore"},"message":"Ignoring unsupported arg: auto_download"}}
[debug] [2021-01-20T09:27:04.745Z] Starting Firestore Emulator with command {"binary":"java","args":["-Duser.language=en","-jar","/Users/Me/.cache/firebase/emulators/cloud-firestore-emulator-v1.11.7.jar","--host","localhost","--port",8085,"--rules","/Users/Me/Projects/reactive-app/firestore.rules","--functions_emulator","localhost:5005"],"optionalArgs":["port","webchannel_port","host","rules","functions_emulator","seed_from_export"],"joinArgs":false} {"metadata":{"emulator":{"name":"firestore"},"message":"Starting Firestore Emulator with command {\"binary\":\"java\",\"args\":[\"-Duser.language=en\",\"-jar\",\"/Users/Me/.cache/firebase/emulators/cloud-firestore-emulator-v1.11.7.jar\",\"--host\",\"localhost\",\"--port\",8085,\"--rules\",\"/Users/Me/Projects/reactive-app/firestore.rules\",\"--functions_emulator\",\"localhost:5005\"],\"optionalArgs\":[\"port\",\"webchannel_port\",\"host\",\"rules\",\"functions_emulator\",\"seed_from_export\"],\"joinArgs\":false}"}}
[info] i  firestore: Firestore Emulator logging to firestore-debug.log {"metadata":{"emulator":{"name":"firestore"},"message":"Firestore Emulator logging to \u001b[1mfirestore-debug.log\u001b[22m"}}
[debug] [2021-01-20T09:27:07.467Z] API endpoint: http:// {"metadata":{"emulator":{"name":"firestore"},"message":"API endpoint: http://"}}
[debug] [2021-01-20T09:27:07.467Z] localhost:8085
If you are using a library that supports the FIRESTORE_EMULATOR_HOST environment variable, run:

   export FIRESTORE_EMULATOR_HOST=localhost:8085

Dev App Server is now running.

 {"metadata":{"emulator":{"name":"firestore"},"message":"localhost:8085\nIf you are using a library that supports the FIRESTORE_EMULATOR_HOST environment variable, run:\n\n   export FIRESTORE_EMULATOR_HOST=localhost:8085\n\nDev App Server is now running.\n\n"}}
[debug] [2021-01-20T09:27:07.607Z] database rules config:  [{"instance":"reactive-app-aa8ad","rules":"/Users/Me/Projects/reactive-app/database.rules.json"}]
[debug] [2021-01-20T09:27:07.608Z] Ignoring unsupported arg: projectId {"metadata":{"emulator":{"name":"database"},"message":"Ignoring unsupported arg: projectId"}}
[debug] [2021-01-20T09:27:07.609Z] Ignoring unsupported arg: auto_download {"metadata":{"emulator":{"name":"database"},"message":"Ignoring unsupported arg: auto_download"}}
[debug] [2021-01-20T09:27:07.609Z] Ignoring unsupported arg: rules {"metadata":{"emulator":{"name":"database"},"message":"Ignoring unsupported arg: rules"}}
[debug] [2021-01-20T09:27:07.609Z] Starting Database Emulator with command {"binary":"java","args":["-Duser.language=en","-jar","/Users/Me/.cache/firebase/emulators/firebase-database-emulator-v4.5.0.jar","--host","localhost","--port",9005,"--functions_emulator_host","localhost","--functions_emulator_port",5005],"optionalArgs":["port","host","functions_emulator_port","functions_emulator_host"],"joinArgs":false} {"metadata":{"emulator":{"name":"database"},"message":"Starting Database Emulator with command {\"binary\":\"java\",\"args\":[\"-Duser.language=en\",\"-jar\",\"/Users/Me/.cache/firebase/emulators/firebase-database-emulator-v4.5.0.jar\",\"--host\",\"localhost\",\"--port\",9005,\"--functions_emulator_host\",\"localhost\",\"--functions_emulator_port\",5005],\"optionalArgs\":[\"port\",\"host\",\"functions_emulator_port\",\"functions_emulator_host\"],\"joinArgs\":false}"}}
[info] i  database: Database Emulator logging to database-debug.log {"metadata":{"emulator":{"name":"database"},"message":"Database Emulator logging to \u001b[1mdatabase-debug.log\u001b[22m"}}
[debug] [2021-01-20T09:27:11.206Z] WARNING: An illegal reflective access operation has occurred
WARNING: Illegal reflective access by io.netty.util.internal.ReflectionUtil (file:/Users/Me/.cache/firebase/emulators/firebase-database-emulator-v4.5.0.jar) to field sun.nio.ch.SelectorImpl.selectedKeys
WARNING: Please consider reporting this to the maintainers of io.netty.util.internal.ReflectionUtil
WARNING: Use --illegal-access=warn to enable warnings of further illegal reflective access operations
WARNING: All illegal access operations will be denied in a future release {"metadata":{"emulator":{"name":"database"},"message":"WARNING: An illegal reflective access operation has occurred\nWARNING: Illegal reflective access by io.netty.util.internal.ReflectionUtil (file:/Users/Me/.cache/firebase/emulators/firebase-database-emulator-v4.5.0.jar) to field sun.nio.ch.SelectorImpl.selectedKeys\nWARNING: Please consider reporting this to the maintainers of io.netty.util.internal.ReflectionUtil\nWARNING: Use --illegal-access=warn to enable warnings of further illegal reflective access operations\nWARNING: All illegal access operations will be denied in a future release"}}
[debug] [2021-01-20T09:27:11.207Z] 
 {"metadata":{"emulator":{"name":"database"},"message":"\n"}}
[debug] [2021-01-20T09:27:14.847Z] 16:27:14.844 [NamespaceSystem-akka.actor.default-dispatcher-4] INFO akka.event.slf4j.Slf4jLogger - Slf4jLogger started
 {"metadata":{"emulator":{"name":"database"},"message":"16:27:14.844 [NamespaceSystem-akka.actor.default-dispatcher-4] INFO akka.event.slf4j.Slf4jLogger - Slf4jLogger started\n"}}
[debug] [2021-01-20T09:27:15.717Z] 16:27:15.716 [main] INFO com.firebase.server.forge.App$ - Listening at localhost:9005
 {"metadata":{"emulator":{"name":"database"},"message":"16:27:15.716 [main] INFO com.firebase.server.forge.App$ - Listening at localhost:9005\n"}}
[warn] ⚠  ui: Emulator UI unable to start on port 4000, starting on 4001 instead. {"metadata":{"emulator":{"name":"ui"},"message":"Emulator UI unable to start on port 4000, starting on 4001 instead."}}
[debug] [2021-01-20T09:27:16.008Z] Ignoring unsupported arg: auto_download {"metadata":{"emulator":{"name":"ui"},"message":"Ignoring unsupported arg: auto_download"}}
[debug] [2021-01-20T09:27:16.008Z] Ignoring unsupported arg: port {"metadata":{"emulator":{"name":"ui"},"message":"Ignoring unsupported arg: port"}}
[debug] [2021-01-20T09:27:16.009Z] Starting Emulator UI with command {"binary":"node","args":["/Users/Me/.cache/firebase/emulators/ui-v1.1.1/server.bundle.js"],"optionalArgs":[],"joinArgs":false} {"metadata":{"emulator":{"name":"ui"},"message":"Starting Emulator UI with command {\"binary\":\"node\",\"args\":[\"/Users/Me/.cache/firebase/emulators/ui-v1.1.1/server.bundle.js\"],\"optionalArgs\":[],\"joinArgs\":false}"}}
[info] i  ui: Emulator UI logging to ui-debug.log {"metadata":{"emulator":{"name":"ui"},"message":"Emulator UI logging to \u001b[1mui-debug.log\u001b[22m"}}
[debug] [2021-01-20T09:27:16.426Z] Web / API server started at http://localhost:4001
 {"metadata":{"emulator":{"name":"ui"},"message":"Web / API server started at http://localhost:4001\n"}}
[info] i  functions: Watching "/Users/Me/Projects/reactive-app/functions" for Cloud Functions... {"metadata":{"emulator":{"name":"functions"},"message":"Watching \"/Users/Me/Projects/reactive-app/functions\" for Cloud Functions..."}}
[debug] [2021-01-20T09:27:16.564Z] [worker-pool] addWorker(~diagnostic~) {"metadata":{"emulator":{"name":"functions"},"message":"[worker-pool] addWorker(~diagnostic~)"}}
[debug] [2021-01-20T09:27:16.564Z] [worker-pool] Adding worker with key ~diagnostic~, total=1 {"metadata":{"emulator":{"name":"functions"},"message":"[worker-pool] Adding worker with key ~diagnostic~, total=1"}}
[debug] [2021-01-20T09:27:16.564Z] [worker-pool] submitWork(triggerId=) {"metadata":{"emulator":{"name":"functions"},"message":"[worker-pool] submitWork(triggerId=)"}}
[debug] [2021-01-20T09:27:16.565Z] [worker-~diagnostic~-45f33dfc-6c1f-40d3-8d54-7a151781401c]: Assigning socketPath: /var/folders/8x/ccj5sfqx3fj32sflk4zqk6bh0000gp/T/fire_emu_92840.sock {"metadata":{"emulator":{"name":"functions"},"message":"[worker-~diagnostic~-45f33dfc-6c1f-40d3-8d54-7a151781401c]: Assigning socketPath: /var/folders/8x/ccj5sfqx3fj32sflk4zqk6bh0000gp/T/fire_emu_92840.sock"}}
[debug] [2021-01-20T09:27:16.565Z] [worker-~diagnostic~-45f33dfc-6c1f-40d3-8d54-7a151781401c]: BUSY {"metadata":{"emulator":{"name":"functions"},"message":"[worker-~diagnostic~-45f33dfc-6c1f-40d3-8d54-7a151781401c]: BUSY"}}
[debug] [2021-01-20T09:27:17.852Z] [runtime-status] [92840] Functions runtime initialized. {"cwd":"/Users/Me/Projects/reactive-app/functions","node_version":"12.16.0"} {"metadata":{"emulator":{"name":"functions"},"message":"[runtime-status] [92840] Functions runtime initialized. {\"cwd\":\"/Users/Me/Projects/reactive-app/functions\",\"node_version\":\"12.16.0\"}"}}
[debug] [2021-01-20T09:27:17.853Z] [runtime-status] [92840] Disabled runtime features: undefined {"metadata":{"emulator":{"name":"functions"},"message":"[runtime-status] [92840] Disabled runtime features: undefined"}}
[debug] [2021-01-20T09:27:17.860Z] [runtime-status] [92840] Resolved module firebase-admin {"declared":true,"installed":true,"version":"8.13.0","resolution":"/Users/Me/Projects/reactive-app/functions/node_modules/firebase-admin/lib/index.js"} {"metadata":{"emulator":{"name":"functions"},"message":"[runtime-status] [92840] Resolved module firebase-admin {\"declared\":true,\"installed\":true,\"version\":\"8.13.0\",\"resolution\":\"/Users/Me/Projects/reactive-app/functions/node_modules/firebase-admin/lib/index.js\"}"}}
[debug] [2021-01-20T09:27:17.862Z] [runtime-status] [92840] Resolved module firebase-functions {"declared":true,"installed":true,"version":"3.11.0","resolution":"/Users/Me/Projects/reactive-app/functions/node_modules/firebase-functions/lib/index.js"} {"metadata":{"emulator":{"name":"functions"},"message":"[runtime-status] [92840] Resolved module firebase-functions {\"declared\":true,\"installed\":true,\"version\":\"3.11.0\",\"resolution\":\"/Users/Me/Projects/reactive-app/functions/node_modules/firebase-functions/lib/index.js\"}"}}
[debug] [2021-01-20T09:27:17.866Z] [runtime-status] [92840] Resolved module firebase-functions {"declared":true,"installed":true,"version":"3.11.0","resolution":"/Users/Me/Projects/reactive-app/functions/node_modules/firebase-functions/lib/index.js"} {"metadata":{"emulator":{"name":"functions"},"message":"[runtime-status] [92840] Resolved module firebase-functions {\"declared\":true,\"installed\":true,\"version\":\"3.11.0\",\"resolution\":\"/Users/Me/Projects/reactive-app/functions/node_modules/firebase-functions/lib/index.js\"}"}}
[debug] [2021-01-20T09:27:17.872Z] [runtime-status] [92840] Outgoing network have been stubbed. [{"name":"http","status":"mocked"},{"name":"http","status":"mocked"},{"name":"https","status":"mocked"},{"name":"https","status":"mocked"},{"name":"net","status":"mocked"}] {"metadata":{"emulator":{"name":"functions"},"message":"[runtime-status] [92840] Outgoing network have been stubbed. [{\"name\":\"http\",\"status\":\"mocked\"},{\"name\":\"http\",\"status\":\"mocked\"},{\"name\":\"https\",\"status\":\"mocked\"},{\"name\":\"https\",\"status\":\"mocked\"},{\"name\":\"net\",\"status\":\"mocked\"}]"}}
[debug] [2021-01-20T09:27:17.873Z] [runtime-status] [92840] Resolved module firebase-functions {"declared":true,"installed":true,"version":"3.11.0","resolution":"/Users/Me/Projects/reactive-app/functions/node_modules/firebase-functions/lib/index.js"} {"metadata":{"emulator":{"name":"functions"},"message":"[runtime-status] [92840] Resolved module firebase-functions {\"declared\":true,\"installed\":true,\"version\":\"3.11.0\",\"resolution\":\"/Users/Me/Projects/reactive-app/functions/node_modules/firebase-functions/lib/index.js\"}"}}
[debug] [2021-01-20T09:27:18.089Z] [runtime-status] [92840] Checked functions.config() {"config":{}} {"metadata":{"emulator":{"name":"functions"},"message":"[runtime-status] [92840] Checked functions.config() {\"config\":{}}"}}
[debug] [2021-01-20T09:27:18.089Z] [runtime-status] [92840] firebase-functions has been stubbed. {"functionsResolution":{"declared":true,"installed":true,"version":"3.11.0","resolution":"/Users/Me/Projects/reactive-app/functions/node_modules/firebase-functions/lib/index.js"}} {"metadata":{"emulator":{"name":"functions"},"message":"[runtime-status] [92840] firebase-functions has been stubbed. {\"functionsResolution\":{\"declared\":true,\"installed\":true,\"version\":\"3.11.0\",\"resolution\":\"/Users/Me/Projects/reactive-app/functions/node_modules/firebase-functions/lib/index.js\"}}"}}
[debug] [2021-01-20T09:27:18.090Z] [runtime-status] [92840] Resolved module firebase-functions {"declared":true,"installed":true,"version":"3.11.0","resolution":"/Users/Me/Projects/reactive-app/functions/node_modules/firebase-functions/lib/index.js"} {"metadata":{"emulator":{"name":"functions"},"message":"[runtime-status] [92840] Resolved module firebase-functions {\"declared\":true,\"installed\":true,\"version\":\"3.11.0\",\"resolution\":\"/Users/Me/Projects/reactive-app/functions/node_modules/firebase-functions/lib/index.js\"}"}}
[debug] [2021-01-20T09:27:18.091Z] [runtime-status] [92840] Resolved module firebase-admin {"declared":true,"installed":true,"version":"8.13.0","resolution":"/Users/Me/Projects/reactive-app/functions/node_modules/firebase-admin/lib/index.js"} {"metadata":{"emulator":{"name":"functions"},"message":"[runtime-status] [92840] Resolved module firebase-admin {\"declared\":true,\"installed\":true,\"version\":\"8.13.0\",\"resolution\":\"/Users/Me/Projects/reactive-app/functions/node_modules/firebase-admin/lib/index.js\"}"}}
[debug] [2021-01-20T09:27:18.092Z] [runtime-status] [92840] Resolved module firebase-functions {"declared":true,"installed":true,"version":"3.11.0","resolution":"/Users/Me/Projects/reactive-app/functions/node_modules/firebase-functions/lib/index.js"} {"metadata":{"emulator":{"name":"functions"},"message":"[runtime-status] [92840] Resolved module firebase-functions {\"declared\":true,\"installed\":true,\"version\":\"3.11.0\",\"resolution\":\"/Users/Me/Projects/reactive-app/functions/node_modules/firebase-functions/lib/index.js\"}"}}
[debug] [2021-01-20T09:27:18.092Z] [runtime-status] [92840] firebase-admin has been stubbed. {"adminResolution":{"declared":true,"installed":true,"version":"8.13.0","resolution":"/Users/Me/Projects/reactive-app/functions/node_modules/firebase-admin/lib/index.js"}} {"metadata":{"emulator":{"name":"functions"},"message":"[runtime-status] [92840] firebase-admin has been stubbed. {\"adminResolution\":{\"declared\":true,\"installed\":true,\"version\":\"8.13.0\",\"resolution\":\"/Users/Me/Projects/reactive-app/functions/node_modules/firebase-admin/lib/index.js\"}}"}}
[debug] [2021-01-20T09:27:18.238Z] [runtime-status] [92840] initializeApp(DEFAULT) {"databaseURL":"http://localhost:9005?ns=reactive-app-aa8ad","storageBucket":"reactive-app-aa8ad.appspot.com","projectId":"reactive-app-aa8ad"} {"metadata":{"emulator":{"name":"functions"},"message":"[runtime-status] [92840] initializeApp(DEFAULT) {\"databaseURL\":\"http://localhost:9005?ns=reactive-app-aa8ad\",\"storageBucket\":\"reactive-app-aa8ad.appspot.com\",\"projectId\":\"reactive-app-aa8ad\"}"}}
[info] ✔  functions[login]: http function initialized (http://localhost:5005/reactive-app-aa8ad/us-central1/login). {"metadata":{"emulator":{"name":"functions"},"message":"\u001b[1mhttp\u001b[22m function initialized (http://localhost:5005/reactive-app-aa8ad/us-central1/login)."}}
[info] ✔  functions[signup]: http function initialized (http://localhost:5005/reactive-app-aa8ad/us-central1/signup). {"metadata":{"emulator":{"name":"functions"},"message":"\u001b[1mhttp\u001b[22m function initialized (http://localhost:5005/reactive-app-aa8ad/us-central1/signup)."}}
[info] ✔  functions[getUserData]: http function initialized (http://localhost:5005/reactive-app-aa8ad/us-central1/getUserData). {"metadata":{"emulator":{"name":"functions"},"message":"\u001b[1mhttp\u001b[22m function initialized (http://localhost:5005/reactive-app-aa8ad/us-central1/getUserData)."}}
[info] ✔  functions[getUserAchievements]: http function initialized (http://localhost:5005/reactive-app-aa8ad/us-central1/getUserAchievements). {"metadata":{"emulator":{"name":"functions"},"message":"\u001b[1mhttp\u001b[22m function initialized (http://localhost:5005/reactive-app-aa8ad/us-central1/getUserAchievements)."}}
[info] ✔  functions[getUserJourney]: http function initialized (http://localhost:5005/reactive-app-aa8ad/us-central1/getUserJourney). {"metadata":{"emulator":{"name":"functions"},"message":"\u001b[1mhttp\u001b[22m function initialized (http://localhost:5005/reactive-app-aa8ad/us-central1/getUserJourney)."}}
[info] ✔  functions[getUserAvatars]: http function initialized (http://localhost:5005/reactive-app-aa8ad/us-central1/getUserAvatars). {"metadata":{"emulator":{"name":"functions"},"message":"\u001b[1mhttp\u001b[22m function initialized (http://localhost:5005/reactive-app-aa8ad/us-central1/getUserAvatars)."}}
[info] ✔  functions[getUserPhoneSkins]: http function initialized (http://localhost:5005/reactive-app-aa8ad/us-central1/getUserPhoneSkins). {"metadata":{"emulator":{"name":"functions"},"message":"\u001b[1mhttp\u001b[22m function initialized (http://localhost:5005/reactive-app-aa8ad/us-central1/getUserPhoneSkins)."}}
[info] ✔  functions[updateJourneyProgress]: http function initialized (http://localhost:5005/reactive-app-aa8ad/us-central1/updateJourneyProgress). {"metadata":{"emulator":{"name":"functions"},"message":"\u001b[1mhttp\u001b[22m function initialized (http://localhost:5005/reactive-app-aa8ad/us-central1/updateJourneyProgress)."}}
[info] ✔  functions[shopTransaction]: http function initialized (http://localhost:5005/reactive-app-aa8ad/us-central1/shopTransaction). {"metadata":{"emulator":{"name":"functions"},"message":"\u001b[1mhttp\u001b[22m function initialized (http://localhost:5005/reactive-app-aa8ad/us-central1/shopTransaction)."}}
[info] ✔  functions[updateUserProfile]: http function initialized (http://localhost:5005/reactive-app-aa8ad/us-central1/updateUserProfile). {"metadata":{"emulator":{"name":"functions"},"message":"\u001b[1mhttp\u001b[22m function initialized (http://localhost:5005/reactive-app-aa8ad/us-central1/updateUserProfile)."}}
[info] ✔  functions[getCustomizationItem]: http function initialized (http://localhost:5005/reactive-app-aa8ad/us-central1/getCustomizationItem). {"metadata":{"emulator":{"name":"functions"},"message":"\u001b[1mhttp\u001b[22m function initialized (http://localhost:5005/reactive-app-aa8ad/us-central1/getCustomizationItem)."}}
[info] ✔  functions[getGlobalLeaderboard]: http function initialized (http://localhost:5005/reactive-app-aa8ad/us-central1/getGlobalLeaderboard). {"metadata":{"emulator":{"name":"functions"},"message":"\u001b[1mhttp\u001b[22m function initialized (http://localhost:5005/reactive-app-aa8ad/us-central1/getGlobalLeaderboard)."}}
[info] ✔  functions[getFriends]: http function initialized (http://localhost:5005/reactive-app-aa8ad/us-central1/getFriends). {"metadata":{"emulator":{"name":"functions"},"message":"\u001b[1mhttp\u001b[22m function initialized (http://localhost:5005/reactive-app-aa8ad/us-central1/getFriends)."}}
[debug] [2021-01-20T09:27:19.374Z] >>> HTTP REQUEST PUT http://localhost:9005/.settings/rules.json?ns=reactive-app-aa8ad  
 {
  "rules": {
    ".read": "auth != null",
    ".write": "auth != null"
  }
}
[debug] [2021-01-20T09:27:19.376Z] [worker-~diagnostic~-45f33dfc-6c1f-40d3-8d54-7a151781401c]: IDLE {"metadata":{"emulator":{"name":"functions"},"message":"[worker-~diagnostic~-45f33dfc-6c1f-40d3-8d54-7a151781401c]: IDLE"}}
[debug] [2021-01-20T09:27:20.804Z] <<< HTTP RESPONSE 200 {"content-length":"15","content-type":"application/json; charset=utf-8","access-control-allow-origin":"*","cache-control":"no-cache","x-firebase-project-id":"reactive-app-aa8ad","x-firebase-project-number":"123456789","x-firebase-uuid":"528ec628-d96a-4c12-a44a-422d5ea3a953"}
[info] 
┌───────────────────────────────────────────────────────────────────────┐
│ ✔  All emulators ready! View status and logs at http://localhost:4001 │
└───────────────────────────────────────────────────────────────────────┘

┌───────────┬────────────────┬─────────────────────────────────┐
│ Emulator  │ Host:Port      │ View in Emulator UI             │
├───────────┼────────────────┼─────────────────────────────────┤
│ Functions │ localhost:5005 │ http://localhost:4001/functions │
├───────────┼────────────────┼─────────────────────────────────┤
│ Firestore │ localhost:8085 │ http://localhost:4001/firestore │
├───────────┼────────────────┼─────────────────────────────────┤
│ Database  │ localhost:9005 │ http://localhost:4001/database  │
└───────────┴────────────────┴─────────────────────────────────┘
  Other reserved ports: 4400, 4500

Issues? Report them at https://github.com/firebase/firebase-tools/issues and attach the *-debug.log files.
 
